<?xml version="1.0" encoding="UTF-8"?>
<!-- Generated by org.testng.reporters.JUnitReportReporter -->
<testsuite hostname="saikumar-G" failures="0" tests="2" name="Tests.get_Request" time="2.805" errors="0" timestamp="2025-02-18T10:57:59 IST" skipped="0">
  <testcase classname="Tests.get_Request" name="testget" time="0.782"/>
  <testcase classname="Tests.get_Request" name="testPost" time="2.023"/>
</testsuite> <!-- Tests.get_Request -->
