<?xml version="1.0" encoding="UTF-8"?>
<!-- Generated by org.testng.reporters.JUnitReportReporter -->
<testsuite hostname="saikumar-G" failures="0" tests="2" name="Tests.Getandpostrequests" time="2.446" errors="0" timestamp="2025-02-18T11:00:50 IST" skipped="0">
  <testcase classname="Tests.Getandpostrequests" name="testget" time="0.584"/>
  <testcase classname="Tests.Getandpostrequests" name="testPost" time="1.862"/>
</testsuite> <!-- Tests.Getandpostrequests -->
